# JRE version: OpenJDK Runtime Environment (8.0_242-b01) (build 1.8.0_242-release-1644-b01)
# Java VM: OpenJDK 64-Bit Server VM (25.242-b01 mixed mode windows-amd64 compressed oops)
Heap:
 PSYoungGen      total 532992K, used 512985K [0x00000000d5580000, 0x0000000100000000, 0x0000000100000000)
  eden space 400896K, 97% used [0x00000000d5580000,0x00000000ed258290,0x00000000edd00000)
  from space 132096K, 93% used [0x00000000f7f00000,0x00000000ff71e458,0x0000000100000000)
  to   space 148992K, 0% used [0x00000000edd00000,0x00000000edd00000,0x00000000f6e80000)
 ParOldGen       total 317440K, used 157746K [0x0000000080000000, 0x0000000093600000, 0x00000000d5580000)
  object space 317440K, 49% used [0x0000000080000000,0x0000000089a0cbd0,0x0000000093600000)
 Metaspace       used 200610K, capacity 209674K, committed 209816K, reserved 1232896K
  class space    used 24298K, capacity 25977K, committed 26032K, reserved 1048576K
GC Heap History (10 events):
Event: 4791.926 GC heap before
{Heap before GC invocations=35 (full 5):
 PSYoungGen      total 526848K, used 526359K [0x00000000d5580000, 0x0000000100000000, 0x0000000100000000)
  eden space 438784K, 100% used [0x00000000d5580000,0x00000000f0200000,0x00000000f0200000)
  from space 88064K, 99% used [0x00000000f0200000,0x00000000f5785cf0,0x00000000f5800000)
  to   space 133632K, 0% used [0x00000000f7d80000,0x00000000f7d80000,0x0000000100000000)
 ParOldGen       total 317440K, used 156204K [0x0000000080000000, 0x0000000093600000, 0x00000000d5580000)
  object space 317440K, 49% used [0x0000000080000000,0x000000008988b028,0x0000000093600000)
 Metaspace       used 180384K, capacity 188084K, committed 188568K, reserved 1214464K
  class space    used 21967K, capacity 23416K, committed 23472K, reserved 1048576K
Event: 4792.189 GC heap after
Heap after GC invocations=35 (full 5):
 PSYoungGen      total 566272K, used 19678K [0x00000000d5580000, 0x0000000100000000, 0x0000000100000000)
  eden space 432640K, 0% used [0x00000000d5580000,0x00000000d5580000,0x00000000efc00000)
  from space 133632K, 14% used [0x00000000f7d80000,0x00000000f90b78a8,0x0000000100000000)
  to   space 132608K, 0% used [0x00000000efc00000,0x00000000efc00000,0x00000000f7d80000)
 ParOldGen       total 317440K, used 157714K [0x0000000080000000, 0x0000000093600000, 0x00000000d5580000)
  object space 317440K, 49% used [0x0000000080000000,0x0000000089a04bd0,0x0000000093600000)
 Metaspace       used 180384K, capacity 188084K, committed 188568K, reserved 1214464K
  class space    used 21967K, capacity 23416K, committed 23472K, reserved 1048576K
}
Event: 4796.812 GC heap before
{Heap before GC invocations=36 (full 5):
 PSYoungGen      total 566272K, used 450438K [0x00000000d5580000, 0x0000000100000000, 0x0000000100000000)
  eden space 432640K, 99% used [0x00000000d5580000,0x00000000efa2a338,0x00000000efc00000)
  from space 133632K, 14% used [0x00000000f7d80000,0x00000000f90b78a8,0x0000000100000000)
  to   space 132608K, 0% used [0x00000000efc00000,0x00000000efc00000,0x00000000f7d80000)
 ParOldGen       total 317440K, used 157714K [0x0000000080000000, 0x0000000093600000, 0x00000000d5580000)
  object space 317440K, 49% used [0x0000000080000000,0x0000000089a04bd0,0x0000000093600000)
 Metaspace       used 186988K, capacity 194822K, committed 195480K, reserved 1220608K
  class space    used 22702K, capacity 24181K, committed 24240K, reserved 1048576K
Event: 4796.891 GC heap after
Heap after GC invocations=36 (full 5):
 PSYoungGen      total 466432K, used 33316K [0x00000000d5580000, 0x00000000ff700000, 0x0000000100000000)
  eden space 432640K, 0% used [0x00000000d5580000,0x00000000d5580000,0x00000000efc00000)
  from space 33792K, 98% used [0x00000000efc00000,0x00000000f1c89280,0x00000000f1d00000)
  to   space 128512K, 0% used [0x00000000f7980000,0x00000000f7980000,0x00000000ff700000)
 ParOldGen       total 317440K, used 157722K [0x0000000080000000, 0x0000000093600000, 0x00000000d5580000)
  object space 317440K, 49% used [0x0000000080000000,0x0000000089a06bd0,0x0000000093600000)
 Metaspace       used 186988K, capacity 194822K, committed 195480K, reserved 1220608K
  class space    used 22702K, capacity 24181K, committed 24240K, reserved 1048576K
}
Event: 4912.622 GC heap before
{Heap before GC invocations=37 (full 5):
 PSYoungGen      total 466432K, used 465956K [0x00000000d5580000, 0x00000000ff700000, 0x0000000100000000)
  eden space 432640K, 100% used [0x00000000d5580000,0x00000000efc00000,0x00000000efc00000)
  from space 33792K, 98% used [0x00000000efc00000,0x00000000f1c89280,0x00000000f1d00000)
  to   space 128512K, 0% used [0x00000000f7980000,0x00000000f7980000,0x00000000ff700000)
 ParOldGen       total 317440K, used 157722K [0x0000000080000000, 0x0000000093600000, 0x00000000d5580000)
  object space 317440K, 49% used [0x0000000080000000,0x0000000089a06bd0,0x0000000093600000)
 Metaspace       used 188973K, capacity 196836K, committed 197528K, reserved 1222656K
  class space    used 22897K, capacity 24382K, committed 24496K, reserved 1048576K
Event: 4912.728 GC heap after
Heap after GC invocations=37 (full 5):
 PSYoungGen      total 561152K, used 73160K [0x00000000d5580000, 0x0000000100000000, 0x0000000100000000)
  eden space 432640K, 0% used [0x00000000d5580000,0x00000000d5580000,0x00000000efc00000)
  from space 128512K, 56% used [0x00000000f7980000,0x00000000fc0f23a8,0x00000000ff700000)
  to   space 128512K, 0% used [0x00000000efc00000,0x00000000efc00000,0x00000000f7980000)
 ParOldGen       total 317440K, used 157730K [0x0000000080000000, 0x0000000093600000, 0x00000000d5580000)
  object space 317440K, 49% used [0x0000000080000000,0x0000000089a08bd0,0x0000000093600000)
 Metaspace       used 188973K, capacity 196836K, committed 197528K, reserved 1222656K
  class space    used 22897K, capacity 24382K, committed 24496K, reserved 1048576K
}
Event: 4916.312 GC heap before
{Heap before GC invocations=38 (full 5):
 PSYoungGen      total 561152K, used 505800K [0x00000000d5580000, 0x0000000100000000, 0x0000000100000000)
  eden space 432640K, 100% used [0x00000000d5580000,0x00000000efc00000,0x00000000efc00000)
  from space 128512K, 56% used [0x00000000f7980000,0x00000000fc0f23a8,0x00000000ff700000)
  to   space 128512K, 0% used [0x00000000efc00000,0x00000000efc00000,0x00000000f7980000)
 ParOldGen       total 317440K, used 157730K [0x0000000080000000, 0x0000000093600000, 0x00000000d5580000)
  object space 317440K, 49% used [0x0000000080000000,0x0000000089a08bd0,0x0000000093600000)
 Metaspace       used 193529K, capacity 201560K, committed 202392K, reserved 1226752K
  class space    used 23436K, capacity 24946K, committed 25008K, reserved 1048576K
Event: 4916.426 GC heap after
Heap after GC invocations=38 (full 5):
 PSYoungGen      total 561152K, used 84406K [0x00000000d5580000, 0x0000000100000000, 0x0000000100000000)
  eden space 432640K, 0% used [0x00000000d5580000,0x00000000d5580000,0x00000000efc00000)
  from space 128512K, 65% used [0x00000000efc00000,0x00000000f4e6d890,0x00000000f7980000)
  to   space 132096K, 0% used [0x00000000f7f00000,0x00000000f7f00000,0x0000000100000000)
 ParOldGen       total 317440K, used 157738K [0x0000000080000000, 0x0000000093600000, 0x00000000d5580000)
  object space 317440K, 49% used [0x0000000080000000,0x0000000089a0abd0,0x0000000093600000)
 Metaspace       used 193529K, capacity 201560K, committed 202392K, reserved 1226752K
  class space    used 23436K, capacity 24946K, committed 25008K, reserved 1048576K
}
Event: 5014.932 GC heap before
{Heap before GC invocations=39 (full 5):
 PSYoungGen      total 561152K, used 517046K [0x00000000d5580000, 0x0000000100000000, 0x0000000100000000)
  eden space 432640K, 100% used [0x00000000d5580000,0x00000000efc00000,0x00000000efc00000)
  from space 128512K, 65% used [0x00000000efc00000,0x00000000f4e6d890,0x00000000f7980000)
  to   space 132096K, 0% used [0x00000000f7f00000,0x00000000f7f00000,0x0000000100000000)
 ParOldGen       total 317440K, used 157738K [0x0000000080000000, 0x0000000093600000, 0x00000000d5580000)
  object space 317440K, 49% used [0x0000000080000000,0x0000000089a0abd0,0x0000000093600000)
 Metaspace       used 200041K, capacity 208222K, committed 209048K, reserved 1232896K
  class space    used 24174K, capacity 25747K, committed 25776K, reserved 1048576K
Event: 5015.491 GC heap after
Heap after GC invocations=39 (full 5):
 PSYoungGen      total 532992K, used 123001K [0x00000000d5580000, 0x0000000100000000, 0x0000000100000000)
  eden space 400896K, 0% used [0x00000000d5580000,0x00000000d5580000,0x00000000edd00000)
  from space 132096K, 93% used [0x00000000f7f00000,0x00000000ff71e458,0x0000000100000000)
  to   space 148992K, 0% used [0x00000000edd00000,0x00000000edd00000,0x00000000f6e80000)
 ParOldGen       total 317440K, used 157746K [0x0000000080000000, 0x0000000093600000, 0x00000000d5580000)
  object space 317440K, 49% used [0x0000000080000000,0x0000000089a0cbd0,0x0000000093600000)
 Metaspace       used 200041K, capacity 208222K, committed 209048K, reserved 1232896K
  class space    used 24174K, capacity 25747K, committed 25776K, reserved 1048576K
}

