# JRE version: OpenJDK Runtime Environment (8.0_242-b01) (build 1.8.0_242-release-1644-b01)
# Java VM: OpenJDK 64-Bit Server VM (25.242-b01 mixed mode windows-amd64 compressed oops)
Heap:
 PSYoungGen      total 217600K, used 175476K [0x00000000d5580000, 0x00000000e4280000, 0x0000000100000000)
  eden space 194560K, 90% used [0x00000000d5580000,0x00000000e00dd308,0x00000000e1380000)
  from space 23040K, 0% used [0x00000000e2c00000,0x00000000e2c00000,0x00000000e4280000)
  to   space 24064K, 0% used [0x00000000e1380000,0x00000000e1380000,0x00000000e2b00000)
 ParOldGen       total 155648K, used 46296K [0x0000000080000000, 0x0000000089800000, 0x00000000d5580000)
  object space 155648K, 29% used [0x0000000080000000,0x0000000082d362d8,0x0000000089800000)
 Metaspace       used 81559K, capacity 85198K, committed 85336K, reserved 1124352K
  class space    used 11106K, capacity 11862K, committed 11904K, reserved 1048576K
GC Heap History (10 events):
Event: 59.963 GC heap before
{Heap before GC invocations=12 (full 2):
 PSYoungGen      total 160256K, used 58354K [0x00000000d5580000, 0x00000000e2280000, 0x0000000100000000)
  eden space 145920K, 30% used [0x00000000d5580000,0x00000000d8082500,0x00000000de400000)
  from space 14336K, 99% used [0x00000000de400000,0x00000000df1fa3f0,0x00000000df200000)
  to   space 20480K, 0% used [0x00000000e0e80000,0x00000000e0e80000,0x00000000e2280000)
 ParOldGen       total 105984K, used 29700K [0x0000000080000000, 0x0000000086780000, 0x00000000d5580000)
  object space 105984K, 28% used [0x0000000080000000,0x0000000081d01000,0x0000000086780000)
 Metaspace       used 56513K, capacity 58798K, committed 58968K, reserved 1099776K
  class space    used 7458K, capacity 7965K, committed 8064K, reserved 1048576K
Event: 60.025 GC heap after
Heap after GC invocations=12 (full 2):
 PSYoungGen      total 186880K, used 18997K [0x00000000d5580000, 0x00000000e2d00000, 0x0000000100000000)
  eden space 166400K, 0% used [0x00000000d5580000,0x00000000d5580000,0x00000000df800000)
  from space 20480K, 92% used [0x00000000e0e80000,0x00000000e210d7e0,0x00000000e2280000)
  to   space 23040K, 0% used [0x00000000df800000,0x00000000df800000,0x00000000e0e80000)
 ParOldGen       total 105984K, used 29708K [0x0000000080000000, 0x0000000086780000, 0x00000000d5580000)
  object space 105984K, 28% used [0x0000000080000000,0x0000000081d03000,0x0000000086780000)
 Metaspace       used 56513K, capacity 58798K, committed 58968K, reserved 1099776K
  class space    used 7458K, capacity 7965K, committed 8064K, reserved 1048576K
}
Event: 60.025 GC heap before
{Heap before GC invocations=13 (full 3):
 PSYoungGen      total 186880K, used 18997K [0x00000000d5580000, 0x00000000e2d00000, 0x0000000100000000)
  eden space 166400K, 0% used [0x00000000d5580000,0x00000000d5580000,0x00000000df800000)
  from space 20480K, 92% used [0x00000000e0e80000,0x00000000e210d7e0,0x00000000e2280000)
  to   space 23040K, 0% used [0x00000000df800000,0x00000000df800000,0x00000000e0e80000)
 ParOldGen       total 105984K, used 29708K [0x0000000080000000, 0x0000000086780000, 0x00000000d5580000)
  object space 105984K, 28% used [0x0000000080000000,0x0000000081d03000,0x0000000086780000)
 Metaspace       used 56513K, capacity 58798K, committed 58968K, reserved 1099776K
  class space    used 7458K, capacity 7965K, committed 8064K, reserved 1048576K
Event: 60.597 GC heap after
Heap after GC invocations=13 (full 3):
 PSYoungGen      total 186880K, used 0K [0x00000000d5580000, 0x00000000e2d00000, 0x0000000100000000)
  eden space 166400K, 0% used [0x00000000d5580000,0x00000000d5580000,0x00000000df800000)
  from space 20480K, 0% used [0x00000000e0e80000,0x00000000e0e80000,0x00000000e2280000)
  to   space 23040K, 0% used [0x00000000df800000,0x00000000df800000,0x00000000e0e80000)
 ParOldGen       total 155648K, used 32867K [0x0000000080000000, 0x0000000089800000, 0x00000000d5580000)
  object space 155648K, 21% used [0x0000000080000000,0x0000000082018c58,0x0000000089800000)
 Metaspace       used 56469K, capacity 58666K, committed 58968K, reserved 1099776K
  class space    used 7445K, capacity 7921K, committed 8064K, reserved 1048576K
}
Event: 75.816 GC heap before
{Heap before GC invocations=14 (full 3):
 PSYoungGen      total 186880K, used 166400K [0x00000000d5580000, 0x00000000e2d00000, 0x0000000100000000)
  eden space 166400K, 100% used [0x00000000d5580000,0x00000000df800000,0x00000000df800000)
  from space 20480K, 0% used [0x00000000e0e80000,0x00000000e0e80000,0x00000000e2280000)
  to   space 23040K, 0% used [0x00000000df800000,0x00000000df800000,0x00000000e0e80000)
 ParOldGen       total 155648K, used 32867K [0x0000000080000000, 0x0000000089800000, 0x00000000d5580000)
  object space 155648K, 21% used [0x0000000080000000,0x0000000082018c58,0x0000000089800000)
 Metaspace       used 66671K, capacity 69568K, committed 69848K, reserved 1110016K
  class space    used 9078K, capacity 9666K, committed 9728K, reserved 1048576K
Event: 75.892 GC heap after
Heap after GC invocations=14 (full 3):
 PSYoungGen      total 189440K, used 15019K [0x00000000d5580000, 0x00000000e4300000, 0x0000000100000000)
  eden space 166400K, 0% used [0x00000000d5580000,0x00000000d5580000,0x00000000df800000)
  from space 23040K, 65% used [0x00000000df800000,0x00000000e06aaf18,0x00000000e0e80000)
  to   space 23552K, 0% used [0x00000000e2c00000,0x00000000e2c00000,0x00000000e4300000)
 ParOldGen       total 155648K, used 32875K [0x0000000080000000, 0x0000000089800000, 0x00000000d5580000)
  object space 155648K, 21% used [0x0000000080000000,0x000000008201ac58,0x0000000089800000)
 Metaspace       used 66671K, capacity 69568K, committed 69848K, reserved 1110016K
  class space    used 9078K, capacity 9666K, committed 9728K, reserved 1048576K
}
Event: 81.035 GC heap before
{Heap before GC invocations=15 (full 3):
 PSYoungGen      total 189440K, used 89669K [0x00000000d5580000, 0x00000000e4300000, 0x0000000100000000)
  eden space 166400K, 44% used [0x00000000d5580000,0x00000000d9e66888,0x00000000df800000)
  from space 23040K, 65% used [0x00000000df800000,0x00000000e06aaf18,0x00000000e0e80000)
  to   space 23552K, 0% used [0x00000000e2c00000,0x00000000e2c00000,0x00000000e4300000)
 ParOldGen       total 155648K, used 32875K [0x0000000080000000, 0x0000000089800000, 0x00000000d5580000)
  object space 155648K, 21% used [0x0000000080000000,0x000000008201ac58,0x0000000089800000)
 Metaspace       used 71999K, capacity 74954K, committed 74968K, reserved 1118208K
  class space    used 9857K, capacity 10490K, committed 10496K, reserved 1048576K
Event: 81.066 GC heap after
Heap after GC invocations=15 (full 3):
 PSYoungGen      total 217600K, used 15513K [0x00000000d5580000, 0x00000000e4280000, 0x0000000100000000)
  eden space 194560K, 0% used [0x00000000d5580000,0x00000000d5580000,0x00000000e1380000)
  from space 23040K, 67% used [0x00000000e2c00000,0x00000000e3b26678,0x00000000e4280000)
  to   space 24064K, 0% used [0x00000000e1380000,0x00000000e1380000,0x00000000e2b00000)
 ParOldGen       total 155648K, used 32883K [0x0000000080000000, 0x0000000089800000, 0x00000000d5580000)
  object space 155648K, 21% used [0x0000000080000000,0x000000008201cc58,0x0000000089800000)
 Metaspace       used 71999K, capacity 74954K, committed 74968K, reserved 1118208K
  class space    used 9857K, capacity 10490K, committed 10496K, reserved 1048576K
}
Event: 81.066 GC heap before
{Heap before GC invocations=16 (full 4):
 PSYoungGen      total 217600K, used 15513K [0x00000000d5580000, 0x00000000e4280000, 0x0000000100000000)
  eden space 194560K, 0% used [0x00000000d5580000,0x00000000d5580000,0x00000000e1380000)
  from space 23040K, 67% used [0x00000000e2c00000,0x00000000e3b26678,0x00000000e4280000)
  to   space 24064K, 0% used [0x00000000e1380000,0x00000000e1380000,0x00000000e2b00000)
 ParOldGen       total 155648K, used 32883K [0x0000000080000000, 0x0000000089800000, 0x00000000d5580000)
  object space 155648K, 21% used [0x0000000080000000,0x000000008201cc58,0x0000000089800000)
 Metaspace       used 71999K, capacity 74954K, committed 74968K, reserved 1118208K
  class space    used 9857K, capacity 10490K, committed 10496K, reserved 1048576K
Event: 81.455 GC heap after
Heap after GC invocations=16 (full 4):
 PSYoungGen      total 217600K, used 0K [0x00000000d5580000, 0x00000000e4280000, 0x0000000100000000)
  eden space 194560K, 0% used [0x00000000d5580000,0x00000000d5580000,0x00000000e1380000)
  from space 23040K, 0% used [0x00000000e2c00000,0x00000000e2c00000,0x00000000e4280000)
  to   space 24064K, 0% used [0x00000000e1380000,0x00000000e1380000,0x00000000e2b00000)
 ParOldGen       total 155648K, used 46296K [0x0000000080000000, 0x0000000089800000, 0x00000000d5580000)
  object space 155648K, 29% used [0x0000000080000000,0x0000000082d362d8,0x0000000089800000)
 Metaspace       used 71999K, capacity 74954K, committed 74968K, reserved 1116160K
  class space    used 9857K, capacity 10490K, committed 10496K, reserved 1048576K
}

