# JRE version: OpenJDK Runtime Environment (8.0_242-b01) (build 1.8.0_242-release-1644-b01)
# Java VM: OpenJDK 64-Bit Server VM (25.242-b01 mixed mode windows-amd64 compressed oops)
Heap:
 PSYoungGen      total 480256K, used 276938K [0x00000000d5580000, 0x00000000f9700000, 0x0000000100000000)
  eden space 370176K, 59% used [0x00000000d5580000,0x00000000e2c09af8,0x00000000ebf00000)
  from space 110080K, 52% used [0x00000000f2980000,0x00000000f6168d10,0x00000000f9500000)
  to   space 109056K, 0% used [0x00000000ebf00000,0x00000000ebf00000,0x00000000f2980000)
 ParOldGen       total 351232K, used 184689K [0x0000000080000000, 0x0000000095700000, 0x00000000d5580000)
  object space 351232K, 52% used [0x0000000080000000,0x000000008b45c600,0x0000000095700000)
 Metaspace       used 111591K, capacity 116432K, committed 116760K, reserved 1150976K
  class space    used 14352K, capacity 15284K, committed 15408K, reserved 1048576K
GC Heap History (10 events):
Event: 104.151 GC heap before
{Heap before GC invocations=23 (full 4):
 PSYoungGen      total 336896K, used 302397K [0x00000000d5580000, 0x00000000ee380000, 0x0000000100000000)
  eden space 283648K, 100% used [0x00000000d5580000,0x00000000e6a80000,0x00000000e6a80000)
  from space 53248K, 35% used [0x00000000eaf80000,0x00000000ec1cf440,0x00000000ee380000)
  to   space 61952K, 0% used [0x00000000e6a80000,0x00000000e6a80000,0x00000000ea700000)
 ParOldGen       total 225792K, used 134112K [0x0000000080000000, 0x000000008dc80000, 0x00000000d5580000)
  object space 225792K, 59% used [0x0000000080000000,0x00000000882f8270,0x000000008dc80000)
 Metaspace       used 103354K, capacity 107922K, committed 108184K, reserved 1142784K
  class space    used 13576K, capacity 14445K, committed 14512K, reserved 1048576K
Event: 104.294 GC heap after
Heap after GC invocations=23 (full 4):
 PSYoungGen      total 345600K, used 61935K [0x00000000d5580000, 0x00000000f4600000, 0x0000000100000000)
  eden space 283648K, 0% used [0x00000000d5580000,0x00000000d5580000,0x00000000e6a80000)
  from space 61952K, 99% used [0x00000000e6a80000,0x00000000ea6fbfa8,0x00000000ea700000)
  to   space 89088K, 0% used [0x00000000eef00000,0x00000000eef00000,0x00000000f4600000)
 ParOldGen       total 225792K, used 179998K [0x0000000080000000, 0x000000008dc80000, 0x00000000d5580000)
  object space 225792K, 79% used [0x0000000080000000,0x000000008afc7bf8,0x000000008dc80000)
 Metaspace       used 103354K, capacity 107922K, committed 108184K, reserved 1142784K
  class space    used 13576K, capacity 14445K, committed 14512K, reserved 1048576K
}
Event: 104.294 GC heap before
{Heap before GC invocations=24 (full 5):
 PSYoungGen      total 345600K, used 61935K [0x00000000d5580000, 0x00000000f4600000, 0x0000000100000000)
  eden space 283648K, 0% used [0x00000000d5580000,0x00000000d5580000,0x00000000e6a80000)
  from space 61952K, 99% used [0x00000000e6a80000,0x00000000ea6fbfa8,0x00000000ea700000)
  to   space 89088K, 0% used [0x00000000eef00000,0x00000000eef00000,0x00000000f4600000)
 ParOldGen       total 225792K, used 179998K [0x0000000080000000, 0x000000008dc80000, 0x00000000d5580000)
  object space 225792K, 79% used [0x0000000080000000,0x000000008afc7bf8,0x000000008dc80000)
 Metaspace       used 103354K, capacity 107922K, committed 108184K, reserved 1142784K
  class space    used 13576K, capacity 14445K, committed 14512K, reserved 1048576K
Event: 105.308 GC heap after
Heap after GC invocations=24 (full 5):
 PSYoungGen      total 345600K, used 0K [0x00000000d5580000, 0x00000000f4600000, 0x0000000100000000)
  eden space 283648K, 0% used [0x00000000d5580000,0x00000000d5580000,0x00000000e6a80000)
  from space 61952K, 0% used [0x00000000e6a80000,0x00000000e6a80000,0x00000000ea700000)
  to   space 89088K, 0% used [0x00000000eef00000,0x00000000eef00000,0x00000000f4600000)
 ParOldGen       total 351232K, used 157691K [0x0000000080000000, 0x0000000095700000, 0x00000000d5580000)
  object space 351232K, 44% used [0x0000000080000000,0x00000000899feec8,0x0000000095700000)
 Metaspace       used 103326K, capacity 107842K, committed 108184K, reserved 1142784K
  class space    used 13567K, capacity 14427K, committed 14512K, reserved 1048576K
}
Event: 111.420 GC heap before
{Heap before GC invocations=25 (full 5):
 PSYoungGen      total 345600K, used 283648K [0x00000000d5580000, 0x00000000f4600000, 0x0000000100000000)
  eden space 283648K, 100% used [0x00000000d5580000,0x00000000e6a80000,0x00000000e6a80000)
  from space 61952K, 0% used [0x00000000e6a80000,0x00000000e6a80000,0x00000000ea700000)
  to   space 89088K, 0% used [0x00000000eef00000,0x00000000eef00000,0x00000000f4600000)
 ParOldGen       total 351232K, used 157691K [0x0000000080000000, 0x0000000095700000, 0x00000000d5580000)
  object space 351232K, 44% used [0x0000000080000000,0x00000000899feec8,0x0000000095700000)
 Metaspace       used 103876K, capacity 108442K, committed 108696K, reserved 1142784K
  class space    used 13587K, capacity 14467K, committed 14512K, reserved 1048576K
Event: 111.725 GC heap after
Heap after GC invocations=25 (full 5):
 PSYoungGen      total 403968K, used 88954K [0x00000000d5580000, 0x00000000f6e80000, 0x0000000100000000)
  eden space 314880K, 0% used [0x00000000d5580000,0x00000000d5580000,0x00000000e8900000)
  from space 89088K, 99% used [0x00000000eef00000,0x00000000f45de900,0x00000000f4600000)
  to   space 104448K, 0% used [0x00000000e8900000,0x00000000e8900000,0x00000000eef00000)
 ParOldGen       total 351232K, used 157699K [0x0000000080000000, 0x0000000095700000, 0x00000000d5580000)
  object space 351232K, 44% used [0x0000000080000000,0x0000000089a00ec8,0x0000000095700000)
 Metaspace       used 103876K, capacity 108442K, committed 108696K, reserved 1142784K
  class space    used 13587K, capacity 14467K, committed 14512K, reserved 1048576K
}
Event: 763.605 GC heap before
{Heap before GC invocations=26 (full 5):
 PSYoungGen      total 403968K, used 403834K [0x00000000d5580000, 0x00000000f6e80000, 0x0000000100000000)
  eden space 314880K, 100% used [0x00000000d5580000,0x00000000e8900000,0x00000000e8900000)
  from space 89088K, 99% used [0x00000000eef00000,0x00000000f45de900,0x00000000f4600000)
  to   space 104448K, 0% used [0x00000000e8900000,0x00000000e8900000,0x00000000eef00000)
 ParOldGen       total 351232K, used 157699K [0x0000000080000000, 0x0000000095700000, 0x00000000d5580000)
  object space 351232K, 44% used [0x0000000080000000,0x0000000089a00ec8,0x0000000095700000)
 Metaspace       used 107850K, capacity 112582K, committed 112792K, reserved 1146880K
  class space    used 14009K, capacity 14919K, committed 15024K, reserved 1048576K
Event: 763.743 GC heap after
Heap after GC invocations=26 (full 5):
 PSYoungGen      total 419328K, used 70429K [0x00000000d5580000, 0x00000000f9500000, 0x0000000100000000)
  eden space 314880K, 0% used [0x00000000d5580000,0x00000000d5580000,0x00000000e8900000)
  from space 104448K, 67% used [0x00000000e8900000,0x00000000ecdc7710,0x00000000eef00000)
  to   space 110080K, 0% used [0x00000000f2980000,0x00000000f2980000,0x00000000f9500000)
 ParOldGen       total 351232K, used 184681K [0x0000000080000000, 0x0000000095700000, 0x00000000d5580000)
  object space 351232K, 52% used [0x0000000080000000,0x000000008b45a600,0x0000000095700000)
 Metaspace       used 107850K, capacity 112582K, committed 112792K, reserved 1146880K
  class space    used 14009K, capacity 14919K, committed 15024K, reserved 1048576K
}
Event: 770.851 GC heap before
{Heap before GC invocations=27 (full 5):
 PSYoungGen      total 419328K, used 385309K [0x00000000d5580000, 0x00000000f9500000, 0x0000000100000000)
  eden space 314880K, 100% used [0x00000000d5580000,0x00000000e8900000,0x00000000e8900000)
  from space 104448K, 67% used [0x00000000e8900000,0x00000000ecdc7710,0x00000000eef00000)
  to   space 110080K, 0% used [0x00000000f2980000,0x00000000f2980000,0x00000000f9500000)
 ParOldGen       total 351232K, used 184681K [0x0000000080000000, 0x0000000095700000, 0x00000000d5580000)
  object space 351232K, 52% used [0x0000000080000000,0x000000008b45a600,0x0000000095700000)
 Metaspace       used 111312K, capacity 116092K, committed 116376K, reserved 1150976K
  class space    used 14340K, capacity 15260K, committed 15280K, reserved 1048576K
Event: 771.059 GC heap after
Heap after GC invocations=27 (full 5):
 PSYoungGen      total 480256K, used 57251K [0x00000000d5580000, 0x00000000f9700000, 0x0000000100000000)
  eden space 370176K, 0% used [0x00000000d5580000,0x00000000d5580000,0x00000000ebf00000)
  from space 110080K, 52% used [0x00000000f2980000,0x00000000f6168d10,0x00000000f9500000)
  to   space 109056K, 0% used [0x00000000ebf00000,0x00000000ebf00000,0x00000000f2980000)
 ParOldGen       total 351232K, used 184689K [0x0000000080000000, 0x0000000095700000, 0x00000000d5580000)
  object space 351232K, 52% used [0x0000000080000000,0x000000008b45c600,0x0000000095700000)
 Metaspace       used 111312K, capacity 116092K, committed 116376K, reserved 1150976K
  class space    used 14340K, capacity 15260K, committed 15280K, reserved 1048576K
}

