# JRE version: OpenJDK Runtime Environment (8.0_242-b01) (build 1.8.0_242-release-1644-b01)
# Java VM: OpenJDK 64-Bit Server VM (25.242-b01 mixed mode windows-amd64 compressed oops)
Heap:
 PSYoungGen      total 637440K, used 255598K [0x00000000d5580000, 0x0000000100000000, 0x0000000100000000)
  eden space 587264K, 38% used [0x00000000d5580000,0x00000000e3104390,0x00000000f9300000)
  from space 50176K, 61% used [0x00000000fcf00000,0x00000000fed17860,0x0000000100000000)
  to   space 55808K, 0% used [0x00000000f9300000,0x00000000f9300000,0x00000000fc980000)
 ParOldGen       total 219136K, used 131228K [0x0000000080000000, 0x000000008d600000, 0x00000000d5580000)
  object space 219136K, 59% used [0x0000000080000000,0x00000000880271a8,0x000000008d600000)
 Metaspace       used 119554K, capacity 126172K, committed 126232K, reserved 1159168K
  class space    used 15381K, capacity 16654K, committed 16688K, reserved 1048576K
GC Heap History (10 events):
Event: 84.791 GC heap before
{Heap before GC invocations=27 (full 5):
 PSYoungGen      total 654336K, used 648420K [0x00000000d5580000, 0x0000000100000000, 0x0000000100000000)
  eden space 615424K, 100% used [0x00000000d5580000,0x00000000fae80000,0x00000000fae80000)
  from space 38912K, 84% used [0x00000000fae80000,0x00000000fceb91c0,0x00000000fd480000)
  to   space 43008K, 0% used [0x00000000fd600000,0x00000000fd600000,0x0000000100000000)
 ParOldGen       total 219136K, used 119062K [0x0000000080000000, 0x000000008d600000, 0x00000000d5580000)
  object space 219136K, 54% used [0x0000000080000000,0x0000000087445a50,0x000000008d600000)
 Metaspace       used 92943K, capacity 97748K, committed 98840K, reserved 1134592K
  class space    used 12331K, capacity 13210K, committed 13616K, reserved 1048576K
Event: 84.877 GC heap after
Heap after GC invocations=27 (full 5):
 PSYoungGen      total 644608K, used 39697K [0x00000000d5580000, 0x0000000100000000, 0x0000000100000000)
  eden space 601600K, 0% used [0x00000000d5580000,0x00000000d5580000,0x00000000fa100000)
  from space 43008K, 92% used [0x00000000fd600000,0x00000000ffcc4428,0x0000000100000000)
  to   space 48640K, 0% used [0x00000000fa100000,0x00000000fa100000,0x00000000fd080000)
 ParOldGen       total 219136K, used 119062K [0x0000000080000000, 0x000000008d600000, 0x00000000d5580000)
  object space 219136K, 54% used [0x0000000080000000,0x0000000087445a50,0x000000008d600000)
 Metaspace       used 92943K, capacity 97748K, committed 98840K, reserved 1134592K
  class space    used 12331K, capacity 13210K, committed 13616K, reserved 1048576K
}
Event: 89.972 GC heap before
{Heap before GC invocations=28 (full 5):
 PSYoungGen      total 644608K, used 641297K [0x00000000d5580000, 0x0000000100000000, 0x0000000100000000)
  eden space 601600K, 100% used [0x00000000d5580000,0x00000000fa100000,0x00000000fa100000)
  from space 43008K, 92% used [0x00000000fd600000,0x00000000ffcc4428,0x0000000100000000)
  to   space 48640K, 0% used [0x00000000fa100000,0x00000000fa100000,0x00000000fd080000)
 ParOldGen       total 219136K, used 119062K [0x0000000080000000, 0x000000008d600000, 0x00000000d5580000)
  object space 219136K, 54% used [0x0000000080000000,0x0000000087445a50,0x000000008d600000)
 Metaspace       used 93294K, capacity 98126K, committed 99096K, reserved 1134592K
  class space    used 12364K, capacity 13247K, committed 13616K, reserved 1048576K
Event: 90.005 GC heap after
Heap after GC invocations=28 (full 5):
 PSYoungGen      total 633856K, used 31829K [0x00000000d5580000, 0x0000000100000000, 0x0000000100000000)
  eden space 601600K, 0% used [0x00000000d5580000,0x00000000d5580000,0x00000000fa100000)
  from space 32256K, 98% used [0x00000000fa100000,0x00000000fc015730,0x00000000fc080000)
  to   space 50176K, 0% used [0x00000000fcf00000,0x00000000fcf00000,0x0000000100000000)
 ParOldGen       total 219136K, used 119062K [0x0000000080000000, 0x000000008d600000, 0x00000000d5580000)
  object space 219136K, 54% used [0x0000000080000000,0x0000000087445a50,0x000000008d600000)
 Metaspace       used 93294K, capacity 98126K, committed 99096K, reserved 1134592K
  class space    used 12364K, capacity 13247K, committed 13616K, reserved 1048576K
}
Event: 1977.561 GC heap before
{Heap before GC invocations=29 (full 5):
 PSYoungGen      total 633856K, used 633429K [0x00000000d5580000, 0x0000000100000000, 0x0000000100000000)
  eden space 601600K, 100% used [0x00000000d5580000,0x00000000fa100000,0x00000000fa100000)
  from space 32256K, 98% used [0x00000000fa100000,0x00000000fc015730,0x00000000fc080000)
  to   space 50176K, 0% used [0x00000000fcf00000,0x00000000fcf00000,0x0000000100000000)
 ParOldGen       total 219136K, used 119062K [0x0000000080000000, 0x000000008d600000, 0x00000000d5580000)
  object space 219136K, 54% used [0x0000000080000000,0x0000000087445a50,0x000000008d600000)
 Metaspace       used 99322K, capacity 104582K, committed 105240K, reserved 1140736K
  class space    used 12930K, capacity 13865K, committed 14128K, reserved 1048576K
Event: 1977.596 GC heap after
Heap after GC invocations=29 (full 5):
 PSYoungGen      total 650752K, used 23944K [0x00000000d5580000, 0x0000000100000000, 0x0000000100000000)
  eden space 600576K, 0% used [0x00000000d5580000,0x00000000d5580000,0x00000000fa000000)
  from space 50176K, 47% used [0x00000000fcf00000,0x00000000fe662248,0x0000000100000000)
  to   space 48128K, 0% used [0x00000000fa000000,0x00000000fa000000,0x00000000fcf00000)
 ParOldGen       total 219136K, used 119070K [0x0000000080000000, 0x000000008d600000, 0x00000000d5580000)
  object space 219136K, 54% used [0x0000000080000000,0x0000000087447a50,0x000000008d600000)
 Metaspace       used 99322K, capacity 104582K, committed 105240K, reserved 1140736K
  class space    used 12930K, capacity 13865K, committed 14128K, reserved 1048576K
}
Event: 3862.929 GC heap before
{Heap before GC invocations=30 (full 5):
 PSYoungGen      total 650752K, used 620500K [0x00000000d5580000, 0x0000000100000000, 0x0000000100000000)
  eden space 600576K, 99% used [0x00000000d5580000,0x00000000f9c12e78,0x00000000fa000000)
  from space 50176K, 47% used [0x00000000fcf00000,0x00000000fe662248,0x0000000100000000)
  to   space 48128K, 0% used [0x00000000fa000000,0x00000000fa000000,0x00000000fcf00000)
 ParOldGen       total 219136K, used 119070K [0x0000000080000000, 0x000000008d600000, 0x00000000d5580000)
  object space 219136K, 54% used [0x0000000080000000,0x0000000087447a50,0x000000008d600000)
 Metaspace       used 109707K, capacity 115658K, committed 115864K, reserved 1148928K
  class space    used 14239K, capacity 15410K, committed 15536K, reserved 1048576K
Event: 3863.750 GC heap after
Heap after GC invocations=30 (full 5):
 PSYoungGen      total 648704K, used 48099K [0x00000000d5580000, 0x0000000100000000, 0x0000000100000000)
  eden space 600576K, 0% used [0x00000000d5580000,0x00000000d5580000,0x00000000fa000000)
  from space 48128K, 99% used [0x00000000fa000000,0x00000000fcef8f58,0x00000000fcf00000)
  to   space 50176K, 0% used [0x00000000fcf00000,0x00000000fcf00000,0x0000000100000000)
 ParOldGen       total 219136K, used 122795K [0x0000000080000000, 0x000000008d600000, 0x00000000d5580000)
  object space 219136K, 56% used [0x0000000080000000,0x00000000877eae60,0x000000008d600000)
 Metaspace       used 109707K, capacity 115658K, committed 115864K, reserved 1148928K
  class space    used 14239K, capacity 15410K, committed 15536K, reserved 1048576K
}
Event: 4093.283 GC heap before
{Heap before GC invocations=31 (full 5):
 PSYoungGen      total 648704K, used 648675K [0x00000000d5580000, 0x0000000100000000, 0x0000000100000000)
  eden space 600576K, 100% used [0x00000000d5580000,0x00000000fa000000,0x00000000fa000000)
  from space 48128K, 99% used [0x00000000fa000000,0x00000000fcef8f58,0x00000000fcf00000)
  to   space 50176K, 0% used [0x00000000fcf00000,0x00000000fcf00000,0x0000000100000000)
 ParOldGen       total 219136K, used 122795K [0x0000000080000000, 0x000000008d600000, 0x00000000d5580000)
  object space 219136K, 56% used [0x0000000080000000,0x00000000877eae60,0x000000008d600000)
 Metaspace       used 110120K, capacity 116160K, committed 116376K, reserved 1150976K
  class space    used 14255K, capacity 15435K, committed 15536K, reserved 1048576K
Event: 4093.682 GC heap after
Heap after GC invocations=31 (full 5):
 PSYoungGen      total 637440K, used 30814K [0x00000000d5580000, 0x0000000100000000, 0x0000000100000000)
  eden space 587264K, 0% used [0x00000000d5580000,0x00000000d5580000,0x00000000f9300000)
  from space 50176K, 61% used [0x00000000fcf00000,0x00000000fed17860,0x0000000100000000)
  to   space 55808K, 0% used [0x00000000f9300000,0x00000000f9300000,0x00000000fc980000)
 ParOldGen       total 219136K, used 131228K [0x0000000080000000, 0x000000008d600000, 0x00000000d5580000)
  object space 219136K, 59% used [0x0000000080000000,0x00000000880271a8,0x000000008d600000)
 Metaspace       used 110120K, capacity 116160K, committed 116376K, reserved 1150976K
  class space    used 14255K, capacity 15435K, committed 15536K, reserved 1048576K
}

